@Test
testCreateTable()

D:\tools\Java\jdk1.8.0_111\bin\java -ea -Didea.launcher.port=7535 "-Didea.launcher.bin.path=D:\Program Files (x86)\JetBrains\IntelliJ IDEA 2016.3.2\bin" -Dfile.encoding=UTF-8 -classpath "D:\Program Files (x86)\JetBrains\IntelliJ IDEA 2016.3.2\lib\idea_rt.jar;D:\Program Files (x86)\JetBrains\IntelliJ IDEA 2016.3.2\plugins\junit\lib\junit-rt.jar;D:\tools\Java\jdk1.8.0_111\jre\lib\charsets.jar;D:\tools\Java\jdk1.8.0_111\jre\lib\deploy.jar;D:\tools\Java\jdk1.8.0_111\jre\lib\ext\access-bridge-64.jar;D:\tools\Java\jdk1.8.0_111\jre\lib\ext\cldrdata.jar;D:\tools\Java\jdk1.8.0_111\jre\lib\ext\dnsns.jar;D:\tools\Java\jdk1.8.0_111\jre\lib\ext\jaccess.jar;D:\tools\Java\jdk1.8.0_111\jre\lib\ext\jfxrt.jar;D:\tools\Java\jdk1.8.0_111\jre\lib\ext\localedata.jar;D:\tools\Java\jdk1.8.0_111\jre\lib\ext\nashorn.jar;D:\tools\Java\jdk1.8.0_111\jre\lib\ext\sunec.jar;D:\tools\Java\jdk1.8.0_111\jre\lib\ext\sunjce_provider.jar;D:\tools\Java\jdk1.8.0_111\jre\lib\ext\sunmscapi.jar;D:\tools\Java\jdk1.8.0_111\jre\lib\ext\sunpkcs11.jar;D:\tools\Java\jdk1.8.0_111\jre\lib\ext\zipfs.jar;D:\tools\Java\jdk1.8.0_111\jre\lib\javaws.jar;D:\tools\Java\jdk1.8.0_111\jre\lib\jce.jar;D:\tools\Java\jdk1.8.0_111\jre\lib\jfr.jar;D:\tools\Java\jdk1.8.0_111\jre\lib\jfxswt.jar;D:\tools\Java\jdk1.8.0_111\jre\lib\jsse.jar;D:\tools\Java\jdk1.8.0_111\jre\lib\management-agent.jar;D:\tools\Java\jdk1.8.0_111\jre\lib\plugin.jar;D:\tools\Java\jdk1.8.0_111\jre\lib\resources.jar;D:\tools\Java\jdk1.8.0_111\jre\lib\rt.jar;E:\ws_ij_alvin\howj-alvin\target\test-classes;E:\ws_ij_alvin\howj-alvin\target\classes;E:\java\repository\junit\junit\4.12\junit-4.12.jar;E:\java\repository\org\hamcrest\hamcrest-core\1.3\hamcrest-core-1.3.jar;E:\java\repository\org\apache\hbase\hbase-client\1.2.4\hbase-client-1.2.4.jar;E:\java\repository\org\apache\hbase\hbase-annotations\1.2.4\hbase-annotations-1.2.4.jar;E:\java\repository\org\apache\hbase\hbase-protocol\1.2.4\hbase-protocol-1.2.4.jar;E:\java\repository\commons-codec\commons-codec\1.9\commons-codec-1.9.jar;E:\java\repository\commons-io\commons-io\2.4\commons-io-2.4.jar;E:\java\repository\commons-lang\commons-lang\2.6\commons-lang-2.6.jar;E:\java\repository\commons-logging\commons-logging\1.2\commons-logging-1.2.jar;E:\java\repository\com\google\guava\guava\12.0.1\guava-12.0.1.jar;E:\java\repository\com\google\protobuf\protobuf-java\2.5.0\protobuf-java-2.5.0.jar;E:\java\repository\io\netty\netty-all\4.0.23.Final\netty-all-4.0.23.Final.jar;E:\java\repository\org\apache\zookeeper\zookeeper\3.4.6\zookeeper-3.4.6.jar;E:\java\repository\org\slf4j\slf4j-api\1.6.1\slf4j-api-1.6.1.jar;E:\java\repository\org\slf4j\slf4j-log4j12\1.6.1\slf4j-log4j12-1.6.1.jar;E:\java\repository\org\apache\htrace\htrace-core\3.1.0-incubating\htrace-core-3.1.0-incubating.jar;E:\java\repository\org\codehaus\jackson\jackson-mapper-asl\1.9.13\jackson-mapper-asl-1.9.13.jar;E:\java\repository\org\jruby\jcodings\jcodings\1.0.8\jcodings-1.0.8.jar;E:\java\repository\org\jruby\joni\joni\2.1.2\joni-2.1.2.jar;E:\java\repository\com\yammer\metrics\metrics-core\2.2.0\metrics-core-2.2.0.jar;E:\java\repository\org\apache\hadoop\hadoop-auth\2.5.1\hadoop-auth-2.5.1.jar;E:\java\repository\org\apache\httpcomponents\httpclient\4.2.5\httpclient-4.2.5.jar;E:\java\repository\org\apache\httpcomponents\httpcore\4.2.4\httpcore-4.2.4.jar;E:\java\repository\org\apache\directory\server\apacheds-kerberos-codec\2.0.0-M15\apacheds-kerberos-codec-2.0.0-M15.jar;E:\java\repository\org\apache\directory\server\apacheds-i18n\2.0.0-M15\apacheds-i18n-2.0.0-M15.jar;E:\java\repository\org\apache\directory\api\api-asn1-api\1.0.0-M20\api-asn1-api-1.0.0-M20.jar;E:\java\repository\org\apache\directory\api\api-util\1.0.0-M20\api-util-1.0.0-M20.jar;E:\java\repository\org\apache\hadoop\hadoop-common\2.5.1\hadoop-common-2.5.1.jar;E:\java\repository\org\apache\hadoop\hadoop-annotations\2.5.1\hadoop-annotations-2.5.1.jar;D:\tools\Java\jdk1.8.0_111\lib\tools.jar;E:\java\repository\org\apache\commons\commons-math3\3.1.1\commons-math3-3.1.1.jar;E:\java\repository\xmlenc\xmlenc\0.52\xmlenc-0.52.jar;E:\java\repository\commons-net\commons-net\3.1\commons-net-3.1.jar;E:\java\repository\commons-el\commons-el\1.0\commons-el-1.0.jar;E:\java\repository\commons-configuration\commons-configuration\1.6\commons-configuration-1.6.jar;E:\java\repository\commons-digester\commons-digester\1.8\commons-digester-1.8.jar;E:\java\repository\commons-beanutils\commons-beanutils\1.7.0\commons-beanutils-1.7.0.jar;E:\java\repository\commons-beanutils\commons-beanutils-core\1.8.0\commons-beanutils-core-1.8.0.jar;E:\java\repository\org\apache\avro\avro\1.7.4\avro-1.7.4.jar;E:\java\repository\com\thoughtworks\paranamer\paranamer\2.3\paranamer-2.3.jar;E:\java\repository\org\xerial\snappy\snappy-java\1.0.4.1\snappy-java-1.0.4.1.jar;E:\java\repository\com\jcraft\jsch\0.1.42\jsch-0.1.42.jar;E:\java\repository\com\google\code\findbugs\jsr305\1.3.9\jsr305-1.3.9.jar;E:\java\repository\org\apache\commons\commons-compress\1.4.1\commons-compress-1.4.1.jar;E:\java\repository\org\tukaani\xz\1.0\xz-1.0.jar;E:\java\repository\org\apache\hadoop\hadoop-mapreduce-client-core\2.5.1\hadoop-mapreduce-client-core-2.5.1.jar;E:\java\repository\org\apache\hadoop\hadoop-yarn-common\2.5.1\hadoop-yarn-common-2.5.1.jar;E:\java\repository\javax\xml\bind\jaxb-api\2.2.2\jaxb-api-2.2.2.jar;E:\java\repository\javax\xml\stream\stax-api\1.0-2\stax-api-1.0-2.jar;E:\java\repository\javax\activation\activation\1.1\activation-1.1.jar;E:\java\repository\io\netty\netty\3.6.2.Final\netty-3.6.2.Final.jar;E:\java\repository\org\apache\hbase\hbase-common\1.2.4\hbase-common-1.2.4.jar;E:\java\repository\commons-collections\commons-collections\3.2.2\commons-collections-3.2.2.jar;E:\java\repository\org\mortbay\jetty\jetty-util\6.1.26\jetty-util-6.1.26.jar;E:\java\repository\com\github\stephenc\findbugs\findbugs-annotations\1.3.9-1\findbugs-annotations-1.3.9-1.jar;E:\java\repository\log4j\log4j\1.2.17\log4j-1.2.17.jar;E:\java\repository\org\apache\hbase\hbase-server\1.2.4\hbase-server-1.2.4.jar;E:\java\repository\org\apache\hbase\hbase-procedure\1.2.4\hbase-procedure-1.2.4.jar;E:\java\repository\org\apache\hbase\hbase-common\1.2.4\hbase-common-1.2.4-tests.jar;E:\java\repository\org\apache\hbase\hbase-prefix-tree\1.2.4\hbase-prefix-tree-1.2.4.jar;E:\java\repository\commons-httpclient\commons-httpclient\3.1\commons-httpclient-3.1.jar;E:\java\repository\org\apache\hbase\hbase-hadoop-compat\1.2.4\hbase-hadoop-compat-1.2.4.jar;E:\java\repository\org\apache\hbase\hbase-hadoop2-compat\1.2.4\hbase-hadoop2-compat-1.2.4.jar;E:\java\repository\com\sun\jersey\jersey-core\1.9\jersey-core-1.9.jar;E:\java\repository\com\sun\jersey\jersey-server\1.9\jersey-server-1.9.jar;E:\java\repository\asm\asm\3.1\asm-3.1.jar;E:\java\repository\commons-cli\commons-cli\1.2\commons-cli-1.2.jar;E:\java\repository\org\apache\commons\commons-math\2.2\commons-math-2.2.jar;E:\java\repository\org\mortbay\jetty\jetty\6.1.26\jetty-6.1.26.jar;E:\java\repository\org\mortbay\jetty\jetty-sslengine\6.1.26\jetty-sslengine-6.1.26.jar;E:\java\repository\org\mortbay\jetty\jsp-2.1\6.1.14\jsp-2.1-6.1.14.jar;E:\java\repository\org\mortbay\jetty\jsp-api-2.1\6.1.14\jsp-api-2.1-6.1.14.jar;E:\java\repository\org\mortbay\jetty\servlet-api-2.5\6.1.14\servlet-api-2.5-6.1.14.jar;E:\java\repository\org\codehaus\jackson\jackson-core-asl\1.9.13\jackson-core-asl-1.9.13.jar;E:\java\repository\org\codehaus\jackson\jackson-jaxrs\1.9.13\jackson-jaxrs-1.9.13.jar;E:\java\repository\tomcat\jasper-compiler\5.5.23\jasper-compiler-5.5.23.jar;E:\java\repository\tomcat\jasper-runtime\5.5.23\jasper-runtime-5.5.23.jar;E:\java\repository\org\jamon\jamon-runtime\2.4.1\jamon-runtime-2.4.1.jar;E:\java\repository\com\lmax\disruptor\3.3.0\disruptor-3.3.0.jar;E:\java\repository\org\apache\hadoop\hadoop-client\2.5.1\hadoop-client-2.5.1.jar;E:\java\repository\org\apache\hadoop\hadoop-mapreduce-client-app\2.5.1\hadoop-mapreduce-client-app-2.5.1.jar;E:\java\repository\org\apache\hadoop\hadoop-mapreduce-client-common\2.5.1\hadoop-mapreduce-client-common-2.5.1.jar;E:\java\repository\org\apache\hadoop\hadoop-yarn-client\2.5.1\hadoop-yarn-client-2.5.1.jar;E:\java\repository\com\sun\jersey\jersey-client\1.9\jersey-client-1.9.jar;E:\java\repository\org\apache\hadoop\hadoop-yarn-server-common\2.5.1\hadoop-yarn-server-common-2.5.1.jar;E:\java\repository\org\apache\hadoop\hadoop-mapreduce-client-shuffle\2.5.1\hadoop-mapreduce-client-shuffle-2.5.1.jar;E:\java\repository\org\fusesource\leveldbjni\leveldbjni-all\1.8\leveldbjni-all-1.8.jar;E:\java\repository\org\apache\hadoop\hadoop-yarn-api\2.5.1\hadoop-yarn-api-2.5.1.jar;E:\java\repository\org\apache\hadoop\hadoop-mapreduce-client-jobclient\2.5.1\hadoop-mapreduce-client-jobclient-2.5.1.jar;E:\java\repository\org\apache\hadoop\hadoop-hdfs\2.5.1\hadoop-hdfs-2.5.1.jar;E:\java\repository\commons-daemon\commons-daemon\1.0.13\commons-daemon-1.0.13.jar" com.intellij.rt.execution.application.AppMain com.intellij.rt.execution.junit.JUnitStarter -ideVersion5 com.gmail.mosoft521.howj.HBasePutTest,testCreateTable
2017-03-03 15:03:49  [ main:0 ] - [ DEBUG ]   Creating new Groups object
2017-03-03 15:03:49  [ main:238 ] - [ DEBUG ]  Trying to load the custom-built native-hadoop library...
2017-03-03 15:03:49  [ main:460 ] - [ DEBUG ]  Loaded the native-hadoop library
2017-03-03 15:03:49  [ main:461 ] - [ DEBUG ]  Using JniBasedUnixGroupsMapping for Group resolution
2017-03-03 15:03:49  [ main:461 ] - [ DEBUG ]  Group mapping impl=org.apache.hadoop.security.JniBasedUnixGroupsMapping
2017-03-03 15:03:50  [ main:1194 ] - [ DEBUG ]  Group mapping impl=org.apache.hadoop.security.JniBasedUnixGroupsMappingWithFallback; cacheTimeout=300000; warningDeltaMs=5000
2017-03-03 15:03:51  [ main:2652 ] - [ DEBUG ]  field org.apache.hadoop.metrics2.lib.MutableRate org.apache.hadoop.security.UserGroupInformation$UgiMetrics.loginSuccess with annotation @org.apache.hadoop.metrics2.annotation.Metric(always=false, about=, sampleName=Ops, type=DEFAULT, value=[Rate of successful kerberos logins and latency (milliseconds)], valueName=Time)
2017-03-03 15:03:51  [ main:2704 ] - [ DEBUG ]  field org.apache.hadoop.metrics2.lib.MutableRate org.apache.hadoop.security.UserGroupInformation$UgiMetrics.loginFailure with annotation @org.apache.hadoop.metrics2.annotation.Metric(always=false, about=, sampleName=Ops, type=DEFAULT, value=[Rate of failed kerberos logins and latency (milliseconds)], valueName=Time)
2017-03-03 15:03:51  [ main:2705 ] - [ DEBUG ]  field org.apache.hadoop.metrics2.lib.MutableRate org.apache.hadoop.security.UserGroupInformation$UgiMetrics.getGroups with annotation @org.apache.hadoop.metrics2.annotation.Metric(always=false, about=, sampleName=Ops, type=DEFAULT, value=[GetGroups], valueName=Time)
2017-03-03 15:03:51  [ main:2705 ] - [ DEBUG ]  UgiMetrics, User and group related metrics
2017-03-03 15:03:52  [ main:3055 ] - [ DEBUG ]  Kerberos krb5 configuration not found, setting default realm to empty
2017-03-03 15:03:52  [ main:3140 ] - [ DEBUG ]  hadoop login
2017-03-03 15:03:52  [ main:3170 ] - [ DEBUG ]  hadoop login commit
2017-03-03 15:03:52  [ main:3209 ] - [ DEBUG ]  using local user:NTUserPrincipal: root
2017-03-03 15:03:52  [ main:3270 ] - [ DEBUG ]  UGI loginUser:root (auth:SIMPLE)
2017-03-03 15:03:54  [ main:5240 ] - [ INFO ]  Process identifier=hconnection-0x4450d156 connecting to ZooKeeper ensemble=slaver1:2181,slaver2:2181
2017-03-03 15:03:54  [ main:5374 ] - [ INFO ]  Client environment:zookeeper.version=3.4.6-1569965, built on 02/20/2014 09:09 GMT
2017-03-03 15:03:54  [ main:5374 ] - [ INFO ]  Client environment:host.name=Alvin-PC
2017-03-03 15:03:54  [ main:5374 ] - [ INFO ]  Client environment:java.version=1.8.0_111
2017-03-03 15:03:54  [ main:5374 ] - [ INFO ]  Client environment:java.vendor=Oracle Corporation
2017-03-03 15:03:54  [ main:5374 ] - [ INFO ]  Client environment:java.home=D:\tools\Java\jdk1.8.0_111\jre
2017-03-03 15:03:54  [ main:5374 ] - [ INFO ]  Client environment:java.class.path=D:\Program Files (x86)\JetBrains\IntelliJ IDEA 2016.3.2\lib\idea_rt.jar;D:\Program Files (x86)\JetBrains\IntelliJ IDEA 2016.3.2\plugins\junit\lib\junit-rt.jar;D:\tools\Java\jdk1.8.0_111\jre\lib\charsets.jar;D:\tools\Java\jdk1.8.0_111\jre\lib\deploy.jar;D:\tools\Java\jdk1.8.0_111\jre\lib\ext\access-bridge-64.jar;D:\tools\Java\jdk1.8.0_111\jre\lib\ext\cldrdata.jar;D:\tools\Java\jdk1.8.0_111\jre\lib\ext\dnsns.jar;D:\tools\Java\jdk1.8.0_111\jre\lib\ext\jaccess.jar;D:\tools\Java\jdk1.8.0_111\jre\lib\ext\jfxrt.jar;D:\tools\Java\jdk1.8.0_111\jre\lib\ext\localedata.jar;D:\tools\Java\jdk1.8.0_111\jre\lib\ext\nashorn.jar;D:\tools\Java\jdk1.8.0_111\jre\lib\ext\sunec.jar;D:\tools\Java\jdk1.8.0_111\jre\lib\ext\sunjce_provider.jar;D:\tools\Java\jdk1.8.0_111\jre\lib\ext\sunmscapi.jar;D:\tools\Java\jdk1.8.0_111\jre\lib\ext\sunpkcs11.jar;D:\tools\Java\jdk1.8.0_111\jre\lib\ext\zipfs.jar;D:\tools\Java\jdk1.8.0_111\jre\lib\javaws.jar;D:\tools\Java\jdk1.8.0_111\jre\lib\jce.jar;D:\tools\Java\jdk1.8.0_111\jre\lib\jfr.jar;D:\tools\Java\jdk1.8.0_111\jre\lib\jfxswt.jar;D:\tools\Java\jdk1.8.0_111\jre\lib\jsse.jar;D:\tools\Java\jdk1.8.0_111\jre\lib\management-agent.jar;D:\tools\Java\jdk1.8.0_111\jre\lib\plugin.jar;D:\tools\Java\jdk1.8.0_111\jre\lib\resources.jar;D:\tools\Java\jdk1.8.0_111\jre\lib\rt.jar;E:\ws_ij_alvin\howj-alvin\target\test-classes;E:\ws_ij_alvin\howj-alvin\target\classes;E:\java\repository\junit\junit\4.12\junit-4.12.jar;E:\java\repository\org\hamcrest\hamcrest-core\1.3\hamcrest-core-1.3.jar;E:\java\repository\org\apache\hbase\hbase-client\1.2.4\hbase-client-1.2.4.jar;E:\java\repository\org\apache\hbase\hbase-annotations\1.2.4\hbase-annotations-1.2.4.jar;E:\java\repository\org\apache\hbase\hbase-protocol\1.2.4\hbase-protocol-1.2.4.jar;E:\java\repository\commons-codec\commons-codec\1.9\commons-codec-1.9.jar;E:\java\repository\commons-io\commons-io\2.4\commons-io-2.4.jar;E:\java\repository\commons-lang\commons-lang\2.6\commons-lang-2.6.jar;E:\java\repository\commons-logging\commons-logging\1.2\commons-logging-1.2.jar;E:\java\repository\com\google\guava\guava\12.0.1\guava-12.0.1.jar;E:\java\repository\com\google\protobuf\protobuf-java\2.5.0\protobuf-java-2.5.0.jar;E:\java\repository\io\netty\netty-all\4.0.23.Final\netty-all-4.0.23.Final.jar;E:\java\repository\org\apache\zookeeper\zookeeper\3.4.6\zookeeper-3.4.6.jar;E:\java\repository\org\slf4j\slf4j-api\1.6.1\slf4j-api-1.6.1.jar;E:\java\repository\org\slf4j\slf4j-log4j12\1.6.1\slf4j-log4j12-1.6.1.jar;E:\java\repository\org\apache\htrace\htrace-core\3.1.0-incubating\htrace-core-3.1.0-incubating.jar;E:\java\repository\org\codehaus\jackson\jackson-mapper-asl\1.9.13\jackson-mapper-asl-1.9.13.jar;E:\java\repository\org\jruby\jcodings\jcodings\1.0.8\jcodings-1.0.8.jar;E:\java\repository\org\jruby\joni\joni\2.1.2\joni-2.1.2.jar;E:\java\repository\com\yammer\metrics\metrics-core\2.2.0\metrics-core-2.2.0.jar;E:\java\repository\org\apache\hadoop\hadoop-auth\2.5.1\hadoop-auth-2.5.1.jar;E:\java\repository\org\apache\httpcomponents\httpclient\4.2.5\httpclient-4.2.5.jar;E:\java\repository\org\apache\httpcomponents\httpcore\4.2.4\httpcore-4.2.4.jar;E:\java\repository\org\apache\directory\server\apacheds-kerberos-codec\2.0.0-M15\apacheds-kerberos-codec-2.0.0-M15.jar;E:\java\repository\org\apache\directory\server\apacheds-i18n\2.0.0-M15\apacheds-i18n-2.0.0-M15.jar;E:\java\repository\org\apache\directory\api\api-asn1-api\1.0.0-M20\api-asn1-api-1.0.0-M20.jar;E:\java\repository\org\apache\directory\api\api-util\1.0.0-M20\api-util-1.0.0-M20.jar;E:\java\repository\org\apache\hadoop\hadoop-common\2.5.1\hadoop-common-2.5.1.jar;E:\java\repository\org\apache\hadoop\hadoop-annotations\2.5.1\hadoop-annotations-2.5.1.jar;D:\tools\Java\jdk1.8.0_111\lib\tools.jar;E:\java\repository\org\apache\commons\commons-math3\3.1.1\commons-math3-3.1.1.jar;E:\java\repository\xmlenc\xmlenc\0.52\xmlenc-0.52.jar;E:\java\repository\commons-net\commons-net\3.1\commons-net-3.1.jar;E:\java\repository\commons-el\commons-el\1.0\commons-el-1.0.jar;E:\java\repository\commons-configuration\commons-configuration\1.6\commons-configuration-1.6.jar;E:\java\repository\commons-digester\commons-digester\1.8\commons-digester-1.8.jar;E:\java\repository\commons-beanutils\commons-beanutils\1.7.0\commons-beanutils-1.7.0.jar;E:\java\repository\commons-beanutils\commons-beanutils-core\1.8.0\commons-beanutils-core-1.8.0.jar;E:\java\repository\org\apache\avro\avro\1.7.4\avro-1.7.4.jar;E:\java\repository\com\thoughtworks\paranamer\paranamer\2.3\paranamer-2.3.jar;E:\java\repository\org\xerial\snappy\snappy-java\1.0.4.1\snappy-java-1.0.4.1.jar;E:\java\repository\com\jcraft\jsch\0.1.42\jsch-0.1.42.jar;E:\java\repository\com\google\code\findbugs\jsr305\1.3.9\jsr305-1.3.9.jar;E:\java\repository\org\apache\commons\commons-compress\1.4.1\commons-compress-1.4.1.jar;E:\java\repository\org\tukaani\xz\1.0\xz-1.0.jar;E:\java\repository\org\apache\hadoop\hadoop-mapreduce-client-core\2.5.1\hadoop-mapreduce-client-core-2.5.1.jar;E:\java\repository\org\apache\hadoop\hadoop-yarn-common\2.5.1\hadoop-yarn-common-2.5.1.jar;E:\java\repository\javax\xml\bind\jaxb-api\2.2.2\jaxb-api-2.2.2.jar;E:\java\repository\javax\xml\stream\stax-api\1.0-2\stax-api-1.0-2.jar;E:\java\repository\javax\activation\activation\1.1\activation-1.1.jar;E:\java\repository\io\netty\netty\3.6.2.Final\netty-3.6.2.Final.jar;E:\java\repository\org\apache\hbase\hbase-common\1.2.4\hbase-common-1.2.4.jar;E:\java\repository\commons-collections\commons-collections\3.2.2\commons-collections-3.2.2.jar;E:\java\repository\org\mortbay\jetty\jetty-util\6.1.26\jetty-util-6.1.26.jar;E:\java\repository\com\github\stephenc\findbugs\findbugs-annotations\1.3.9-1\findbugs-annotations-1.3.9-1.jar;E:\java\repository\log4j\log4j\1.2.17\log4j-1.2.17.jar;E:\java\repository\org\apache\hbase\hbase-server\1.2.4\hbase-server-1.2.4.jar;E:\java\repository\org\apache\hbase\hbase-procedure\1.2.4\hbase-procedure-1.2.4.jar;E:\java\repository\org\apache\hbase\hbase-common\1.2.4\hbase-common-1.2.4-tests.jar;E:\java\repository\org\apache\hbase\hbase-prefix-tree\1.2.4\hbase-prefix-tree-1.2.4.jar;E:\java\repository\commons-httpclient\commons-httpclient\3.1\commons-httpclient-3.1.jar;E:\java\repository\org\apache\hbase\hbase-hadoop-compat\1.2.4\hbase-hadoop-compat-1.2.4.jar;E:\java\repository\org\apache\hbase\hbase-hadoop2-compat\1.2.4\hbase-hadoop2-compat-1.2.4.jar;E:\java\repository\com\sun\jersey\jersey-core\1.9\jersey-core-1.9.jar;E:\java\repository\com\sun\jersey\jersey-server\1.9\jersey-server-1.9.jar;E:\java\repository\asm\asm\3.1\asm-3.1.jar;E:\java\repository\commons-cli\commons-cli\1.2\commons-cli-1.2.jar;E:\java\repository\org\apache\commons\commons-math\2.2\commons-math-2.2.jar;E:\java\repository\org\mortbay\jetty\jetty\6.1.26\jetty-6.1.26.jar;E:\java\repository\org\mortbay\jetty\jetty-sslengine\6.1.26\jetty-sslengine-6.1.26.jar;E:\java\repository\org\mortbay\jetty\jsp-2.1\6.1.14\jsp-2.1-6.1.14.jar;E:\java\repository\org\mortbay\jetty\jsp-api-2.1\6.1.14\jsp-api-2.1-6.1.14.jar;E:\java\repository\org\mortbay\jetty\servlet-api-2.5\6.1.14\servlet-api-2.5-6.1.14.jar;E:\java\repository\org\codehaus\jackson\jackson-core-asl\1.9.13\jackson-core-asl-1.9.13.jar;E:\java\repository\org\codehaus\jackson\jackson-jaxrs\1.9.13\jackson-jaxrs-1.9.13.jar;E:\java\repository\tomcat\jasper-compiler\5.5.23\jasper-compiler-5.5.23.jar;E:\java\repository\tomcat\jasper-runtime\5.5.23\jasper-runtime-5.5.23.jar;E:\java\repository\org\jamon\jamon-runtime\2.4.1\jamon-runtime-2.4.1.jar;E:\java\repository\com\lmax\disruptor\3.3.0\disruptor-3.3.0.jar;E:\java\repository\org\apache\hadoop\hadoop-client\2.5.1\hadoop-client-2.5.1.jar;E:\java\repository\org\apache\hadoop\hadoop-mapreduce-client-app\2.5.1\hadoop-mapreduce-client-app-2.5.1.jar;E:\java\repository\org\apache\hadoop\hadoop-mapreduce-client-common\2.5.1\hadoop-mapreduce-client-common-2.5.1.jar;E:\java\repository\org\apache\hadoop\hadoop-yarn-client\2.5.1\hadoop-yarn-client-2.5.1.jar;E:\java\repository\com\sun\jersey\jersey-client\1.9\jersey-client-1.9.jar;E:\java\repository\org\apache\hadoop\hadoop-yarn-server-common\2.5.1\hadoop-yarn-server-common-2.5.1.jar;E:\java\repository\org\apache\hadoop\hadoop-mapreduce-client-shuffle\2.5.1\hadoop-mapreduce-client-shuffle-2.5.1.jar;E:\java\repository\org\fusesource\leveldbjni\leveldbjni-all\1.8\leveldbjni-all-1.8.jar;E:\java\repository\org\apache\hadoop\hadoop-yarn-api\2.5.1\hadoop-yarn-api-2.5.1.jar;E:\java\repository\org\apache\hadoop\hadoop-mapreduce-client-jobclient\2.5.1\hadoop-mapreduce-client-jobclient-2.5.1.jar;E:\java\repository\org\apache\hadoop\hadoop-hdfs\2.5.1\hadoop-hdfs-2.5.1.jar;E:\java\repository\commons-daemon\commons-daemon\1.0.13\commons-daemon-1.0.13.jar
2017-03-03 15:03:54  [ main:5375 ] - [ INFO ]  Client environment:java.library.path=D:\tools\Java\jdk1.8.0_111\bin;C:\Windows\Sun\Java\bin;C:\Windows\system32;C:\Windows;D:\tools\Python36\Scripts\;D:\tools\Python36\;D:\tools\maven\apache-maven-3.3.9\bin;D:\tools\Java\jdk1.8.0_111\bin;D:\tools\Java\jdk1.8.0_111\jre\bin;C:\ProgramData\Oracle\Java\javapath;C:\Windows\system32;C:\Windows;C:\Windows\System32\Wbem;C:\Windows\System32\WindowsPowerShell\v1.0\;D:\Program Files\TortoiseSVN\bin;D:\tools\tomcat\apache-tomcat-8.5.9\lib;D:\tools\tomcat\apache-tomcat-8.5.9\bin;D:\tools\hadoop-2.7.3\bin;.
2017-03-03 15:03:54  [ main:5375 ] - [ INFO ]  Client environment:java.io.tmpdir=C:\Users\Alvin\AppData\Local\Temp\
2017-03-03 15:03:54  [ main:5375 ] - [ INFO ]  Client environment:java.compiler=<NA>
2017-03-03 15:03:54  [ main:5375 ] - [ INFO ]  Client environment:os.name=Windows 7
2017-03-03 15:03:54  [ main:5375 ] - [ INFO ]  Client environment:os.arch=amd64
2017-03-03 15:03:54  [ main:5375 ] - [ INFO ]  Client environment:os.version=6.1
2017-03-03 15:03:54  [ main:5375 ] - [ INFO ]  Client environment:user.name=root
2017-03-03 15:03:54  [ main:5375 ] - [ INFO ]  Client environment:user.home=C:\Users\Alvin
2017-03-03 15:03:54  [ main:5375 ] - [ INFO ]  Client environment:user.dir=E:\ws_ij_alvin\howj-alvin
2017-03-03 15:03:54  [ main:5376 ] - [ INFO ]  Initiating client connection, connectString=slaver1:2181,slaver2:2181 sessionTimeout=90000 watcher=hconnection-0x4450d1560x0, quorum=slaver1:2181,slaver2:2181, baseZNode=/hbase
2017-03-03 15:03:54  [ main:5378 ] - [ DEBUG ]  zookeeper.disableAutoWatchReset is false
2017-03-03 15:04:04  [ main-SendThread(slaver1:2181):15416 ] - [ INFO ]  Opening socket connection to server slaver1/172.16.3.212:2181. Will not attempt to authenticate using SASL (unknown error)
2017-03-03 15:04:04  [ main-SendThread(slaver1:2181):15418 ] - [ INFO ]  Socket connection established to slaver1/172.16.3.212:2181, initiating session
2017-03-03 15:04:04  [ main-SendThread(slaver1:2181):15419 ] - [ DEBUG ]  Session establishment request sent on slaver1/172.16.3.212:2181
2017-03-03 15:04:04  [ main-SendThread(slaver1:2181):15425 ] - [ INFO ]  Session establishment complete on server slaver1/172.16.3.212:2181, sessionid = 0x15a92f814b60005, negotiated timeout = 40000
2017-03-03 15:04:04  [ main-EventThread:15427 ] - [ DEBUG ]  hconnection-0x4450d1560x0, quorum=slaver1:2181,slaver2:2181, baseZNode=/hbase Received ZooKeeper Event, type=None, state=SyncConnected, path=null
2017-03-03 15:04:04  [ main-EventThread:15429 ] - [ DEBUG ]  hconnection-0x4450d156-0x15a92f814b60005 connected
2017-03-03 15:04:04  [ main-SendThread(slaver1:2181):15481 ] - [ DEBUG ]  Reading reply sessionid:0x15a92f814b60005, packet:: clientPath:null serverPath:null finished:false header:: 1,3  replyHeader:: 1,55834574957,0  request:: '/hbase/hbaseid,F  response:: s{4294967315,55834574860,1484635534480,1488524462726,15,0,0,0,67,0,4294967315} 
2017-03-03 15:04:04  [ main-SendThread(slaver1:2181):15590 ] - [ DEBUG ]  Reading reply sessionid:0x15a92f814b60005, packet:: clientPath:null serverPath:null finished:false header:: 2,4  replyHeader:: 2,55834574957,0  request:: '/hbase/hbaseid,F  response:: #ffffffff000146d61737465723a3136303030ffffff8effffff9bffffffe67effffffcf35ffffffa7ffffffbf50425546a2439393438393238332d643264612d343661612d383438352d663237633438316562663131,s{4294967315,55834574860,1484635534480,1488524462726,15,0,0,0,67,0,4294967315} 
2017-03-03 15:04:05  [ main:16903 ] - [ DEBUG ]  Codec=org.apache.hadoop.hbase.codec.KeyValueCodec@4218d6a3, compressor=null, tcpKeepAlive=true, tcpNoDelay=true, connectTO=10000, readTO=20000, writeTO=60000, minIdleTimeBeforeClose=120000, maxRetries=0, fallbackAllowed=false, bind address=null
2017-03-03 15:04:06  [ main-SendThread(slaver1:2181):17367 ] - [ DEBUG ]  Reading reply sessionid:0x15a92f814b60005, packet:: clientPath:null serverPath:null finished:false header:: 3,4  replyHeader:: 3,55834574957,0  request:: '/hbase/meta-region-server,F  response:: #ffffffff0001a726567696f6e7365727665723a31363032306fb69425168ffffffad3450425546a13a7736c617665723110ffffff947d18ffffff86fffffffdffffffe2ffffff97ffffffa92b100183,s{55834574880,55834574880,1488524469581,1488524469581,0,0,0,0,60,0,55834574880} 
2017-03-03 15:04:06  [ main-SendThread(slaver1:2181):17406 ] - [ DEBUG ]  Reading reply sessionid:0x15a92f814b60005, packet:: clientPath:null serverPath:null finished:false header:: 4,8  replyHeader:: 4,55834574957,0  request:: '/hbase,F  response:: v{'replication,'meta-region-server,'rs,'splitWAL,'backup-masters,'table-lock,'flush-table-proc,'region-in-transition,'online-snapshot,'master,'running,'recovering-regions,'draining,'namespace,'hbaseid,'table} 
2017-03-03 15:04:06  [ hconnection-0x4450d156-shared--pool1-t1:17880 ] - [ DEBUG ]  Use SIMPLE authentication for service ClientService, sasl=false
2017-03-03 15:04:06  [ hconnection-0x4450d156-shared--pool1-t1:17903 ] - [ DEBUG ]  Connecting to slaver1/172.16.3.212:16020
2017-03-03 15:04:07  [ main-SendThread(slaver1:2181):18531 ] - [ DEBUG ]  Reading reply sessionid:0x15a92f814b60005, packet:: clientPath:null serverPath:null finished:false header:: 5,3  replyHeader:: 5,55834574957,0  request:: '/hbase,F  response:: s{4294967298,4294967298,1484635530811,1484635530811,0,84,0,0,0,16,55834574880} 
2017-03-03 15:04:07  [ main-SendThread(slaver1:2181):18547 ] - [ DEBUG ]  Reading reply sessionid:0x15a92f814b60005, packet:: clientPath:null serverPath:null finished:false header:: 6,4  replyHeader:: 6,55834574957,0  request:: '/hbase/master,F  response:: #ffffffff000146d61737465723a3136303030fffffffd3e2732ffffff86ffffffa12affffffe450425546a12a66d617374657210ffffff807d18ffffffb8ffffffddffffffe2ffffff97ffffffa92b10018ffffff8a7d,s{55834574856,55834574856,1488524460618,1488524460618,0,0,0,169609530198654976,54,0,55834574856} 
2017-03-03 15:04:07  [ main:18559 ] - [ DEBUG ]  Use SIMPLE authentication for service MasterService, sasl=false
2017-03-03 15:04:07  [ main:18559 ] - [ DEBUG ]  Connecting to master/172.16.3.211:16000
org.apache.hadoop.hbase.DoNotRetryIOException: org.apache.hadoop.hbase.DoNotRetryIOException: java.lang.RuntimeException: native snappy library not available: this version of libhadoop was built without snappy support. Set hbase.table.sanity.checks to false at conf or table descriptor if you want to bypass sanity checks
	at org.apache.hadoop.hbase.master.HMaster.warnOrThrowExceptionForFailure(HMaster.java:1713)
	at org.apache.hadoop.hbase.master.HMaster.sanityCheckTableDescriptor(HMaster.java:1581)
	at org.apache.hadoop.hbase.master.HMaster.createTable(HMaster.java:1503)
	at org.apache.hadoop.hbase.master.MasterRpcServices.createTable(MasterRpcServices.java:463)
	at org.apache.hadoop.hbase.protobuf.generated.MasterProtos$MasterService$2.callBlockingMethod(MasterProtos.java:55682)
	at org.apache.hadoop.hbase.ipc.RpcServer.call(RpcServer.java:2180)
	at org.apache.hadoop.hbase.ipc.CallRunner.run(CallRunner.java:112)
	at org.apache.hadoop.hbase.ipc.RpcExecutor.consumerLoop(RpcExecutor.java:133)
	at org.apache.hadoop.hbase.ipc.RpcExecutor$1.run(RpcExecutor.java:108)
	at java.lang.Thread.run(Thread.java:745)
Caused by: org.apache.hadoop.hbase.DoNotRetryIOException: java.lang.RuntimeException: native snappy library not available: this version of libhadoop was built without snappy support.
	at org.apache.hadoop.hbase.util.CompressionTest.testCompression(CompressionTest.java:102)
	at org.apache.hadoop.hbase.master.HMaster.checkCompression(HMaster.java:1797)
	at org.apache.hadoop.hbase.master.HMaster.checkCompression(HMaster.java:1790)
	at org.apache.hadoop.hbase.master.HMaster.sanityCheckTableDescriptor(HMaster.java:1579)
	... 8 more
Caused by: java.lang.RuntimeException: native snappy library not available: this version of libhadoop was built without snappy support.
	at org.apache.hadoop.io.compress.SnappyCodec.checkNativeCodeLoaded(SnappyCodec.java:64)
	at org.apache.hadoop.io.compress.SnappyCodec.getCompressorType(SnappyCodec.java:132)
	at org.apache.hadoop.io.compress.CodecPool.getCompressor(CodecPool.java:148)
	at org.apache.hadoop.io.compress.CodecPool.getCompressor(CodecPool.java:163)
	at org.apache.hadoop.hbase.io.compress.Compression$Algorithm.getCompressor(Compression.java:303)
	at org.apache.hadoop.hbase.util.CompressionTest.testCompression(CompressionTest.java:97)
	... 11 more

	at sun.reflect.NativeConstructorAccessorImpl.newInstance0(Native Method)
	at sun.reflect.NativeConstructorAccessorImpl.newInstance(NativeConstructorAccessorImpl.java:62)
	at sun.reflect.DelegatingConstructorAccessorImpl.newInstance(DelegatingConstructorAccessorImpl.java:45)
	at java.lang.reflect.Constructor.newInstance(Constructor.java:423)
	at org.apache.hadoop.ipc.RemoteException.instantiateException(RemoteException.java:106)
	at org.apache.hadoop.ipc.RemoteException.unwrapRemoteException(RemoteException.java:95)
	at org.apache.hadoop.hbase.client.RpcRetryingCaller.translateException(RpcRetryingCaller.java:236)
	at org.apache.hadoop.hbase.client.RpcRetryingCaller.translateException(RpcRetryingCaller.java:254)
	at org.apache.hadoop.hbase.client.RpcRetryingCaller.callWithRetries(RpcRetryingCaller.java:150)
	at org.apache.hadoop.hbase.client.HBaseAdmin.executeCallable(HBaseAdmin.java:4297)
	at org.apache.hadoop.hbase.client.HBaseAdmin.executeCallable(HBaseAdmin.java:4289)
	at org.apache.hadoop.hbase.client.HBaseAdmin.createTableAsyncV2(HBaseAdmin.java:753)
	at org.apache.hadoop.hbase.client.HBaseAdmin.createTable(HBaseAdmin.java:674)
	at com.gmail.mosoft521.howj.util.HBaseUtil.createTable(HBaseUtil.java:147)
	at com.gmail.mosoft521.howj.util.HBaseUtil.createTable(HBaseUtil.java:110)
	at com.gmail.mosoft521.howj.HBasePutTest.testCreateTable(HBasePutTest.java:41)
	at sun.reflect.NativeMethodAccessorImpl.invoke0(Native Method)
	at sun.reflect.NativeMethodAccessorImpl.invoke(NativeMethodAccessorImpl.java:62)
	at sun.reflect.DelegatingMethodAccessorImpl.invoke(DelegatingMethodAccessorImpl.java:43)
	at java.lang.reflect.Method.invoke(Method.java:498)
	at org.junit.runners.model.FrameworkMethod$1.runReflectiveCall(FrameworkMethod.java:50)
	at org.junit.internal.runners.model.ReflectiveCallable.run(ReflectiveCallable.java:12)
	at org.junit.runners.model.FrameworkMethod.invokeExplosively(FrameworkMethod.java:47)
	at org.junit.internal.runners.statements.InvokeMethod.evaluate(InvokeMethod.java:17)
	at org.junit.internal.runners.statements.RunBefores.evaluate(RunBefores.java:26)
	at org.junit.runners.ParentRunner.runLeaf(ParentRunner.java:325)
	at org.junit.runners.BlockJUnit4ClassRunner.runChild(BlockJUnit4ClassRunner.java:78)
	at org.junit.runners.BlockJUnit4ClassRunner.runChild(BlockJUnit4ClassRunner.java:57)
	at org.junit.runners.ParentRunner$3.run(ParentRunner.java:290)
	at org.junit.runners.ParentRunner$1.schedule(ParentRunner.java:71)
	at org.junit.runners.ParentRunner.runChildren(ParentRunner.java:288)
	at org.junit.runners.ParentRunner.access$000(ParentRunner.java:58)
	at org.junit.runners.ParentRunner$2.evaluate(ParentRunner.java:268)
	at org.junit.runners.ParentRunner.run(ParentRunner.java:363)
	at org.junit.runner.JUnitCore.run(JUnitCore.java:137)
	at com.intellij.junit4.JUnit4IdeaTestRunner.startRunnerWithArgs(JUnit4IdeaTestRunner.java:68)
	at com.intellij.rt.execution.junit.IdeaTestRunner$Repeater.startRunnerWithArgs(IdeaTestRunner.java:51)
	at com.intellij.rt.execution.junit.JUnitStarter.prepareStreamsAndStart(JUnitStarter.java:237)
	at com.intellij.rt.execution.junit.JUnitStarter.main(JUnitStarter.java:70)
	at sun.reflect.NativeMethodAccessorImpl.invoke0(Native Method)
	at sun.reflect.NativeMethodAccessorImpl.invoke(NativeMethodAccessorImpl.java:62)
	at sun.reflect.DelegatingMethodAccessorImpl.invoke(DelegatingMethodAccessorImpl.java:43)
	at java.lang.reflect.Method.invoke(Method.java:498)
	at com.intellij.rt.execution.application.AppMain.main(AppMain.java:147)
Caused by: org.apache.hadoop.hbase.ipc.RemoteWithExtrasException(org.apache.hadoop.hbase.DoNotRetryIOException): org.apache.hadoop.hbase.DoNotRetryIOException: java.lang.RuntimeException: native snappy library not available: this version of libhadoop was built without snappy support. Set hbase.table.sanity.checks to false at conf or table descriptor if you want to bypass sanity checks
	at org.apache.hadoop.hbase.master.HMaster.warnOrThrowExceptionForFailure(HMaster.java:1713)
	at org.apache.hadoop.hbase.master.HMaster.sanityCheckTableDescriptor(HMaster.java:1581)
	at org.apache.hadoop.hbase.master.HMaster.createTable(HMaster.java:1503)
	at org.apache.hadoop.hbase.master.MasterRpcServices.createTable(MasterRpcServices.java:463)
	at org.apache.hadoop.hbase.protobuf.generated.MasterProtos$MasterService$2.callBlockingMethod(MasterProtos.java:55682)
	at org.apache.hadoop.hbase.ipc.RpcServer.call(RpcServer.java:2180)
	at org.apache.hadoop.hbase.ipc.CallRunner.run(CallRunner.java:112)
	at org.apache.hadoop.hbase.ipc.RpcExecutor.consumerLoop(RpcExecutor.java:133)
	at org.apache.hadoop.hbase.ipc.RpcExecutor$1.run(RpcExecutor.java:108)
	at java.lang.Thread.run(Thread.java:745)
Caused by: org.apache.hadoop.hbase.DoNotRetryIOException: java.lang.RuntimeException: native snappy library not available: this version of libhadoop was built without snappy support.
	at org.apache.hadoop.hbase.util.CompressionTest.testCompression(CompressionTest.java:102)
	at org.apache.hadoop.hbase.master.HMaster.checkCompression(HMaster.java:1797)
	at org.apache.hadoop.hbase.master.HMaster.checkCompression(HMaster.java:1790)
	at org.apache.hadoop.hbase.master.HMaster.sanityCheckTableDescriptor(HMaster.java:1579)
	... 8 more
Caused by: java.lang.RuntimeException: native snappy library not available: this version of libhadoop was built without snappy support.
	at org.apache.hadoop.io.compress.SnappyCodec.checkNativeCodeLoaded(SnappyCodec.java:64)
	at org.apache.hadoop.io.compress.SnappyCodec.getCompressorType(SnappyCodec.java:132)
	at org.apache.hadoop.io.compress.CodecPool.getCompressor(CodecPool.java:148)
	at org.apache.hadoop.io.compress.CodecPool.getCompressor(CodecPool.java:163)
	at org.apache.hadoop.hbase.io.compress.Compression$Algorithm.getCompressor(Compression.java:303)
	at org.apache.hadoop.hbase.util.CompressionTest.testCompression(CompressionTest.java:97)
	... 11 more

	at org.apache.hadoop.hbase.ipc.RpcClientImpl.call(RpcClientImpl.java:1267)
	at org.apache.hadoop.hbase.ipc.AbstractRpcClient.callBlockingMethod(AbstractRpcClient.java:227)
	at org.apache.hadoop.hbase.ipc.AbstractRpcClient$BlockingRpcChannelImplementation.callBlockingMethod(AbstractRpcClient.java:336)
	at org.apache.hadoop.hbase.protobuf.generated.MasterProtos$MasterService$BlockingStub.createTable(MasterProtos.java:58551)
	at org.apache.hadoop.hbase.client.ConnectionManager$HConnectionImplementation$4.createTable(ConnectionManager.java:1848)
	at org.apache.hadoop.hbase.client.HBaseAdmin$5.call(HBaseAdmin.java:762)
	at org.apache.hadoop.hbase.client.HBaseAdmin$5.call(HBaseAdmin.java:754)
	at org.apache.hadoop.hbase.client.RpcRetryingCaller.callWithRetries(RpcRetryingCaller.java:136)
	... 35 more

Process finished with exit code 0



把安装环境的hadoop2.7.3的相关jar包复制到hbase1.2.4的lib目录里
把安装环境的ZooKeeper3.4.9的jar包复制到hbase1.2.4的lib目录里
把安装环境的slf4j的jar包复制到hbase1.2.4的lib目录里

VirtualBox的虚机环境中的HBase启动报错?
[root@master bin]# ./start-hbase.sh 
starting master, logging to /opt/hbase-1.2.4/logs/hbase-root-master-master.out
Java HotSpot(TM) 64-Bit Server VM warning: ignoring option PermSize=128m; support was removed in 8.0
Java HotSpot(TM) 64-Bit Server VM warning: ignoring option MaxPermSize=128m; support was removed in 8.0
slaver2: regionserver running as process 1495. Stop it first.
slaver1: starting regionserver, logging to /opt/hbase-1.2.4/bin/../logs/hbase-root-regionserver-slaver1.out
slaver1: Java HotSpot(TM) 64-Bit Server VM warning: ignoring option PermSize=128m; support was removed in 8.0
slaver1: Java HotSpot(TM) 64-Bit Server VM warning: ignoring option MaxPermSize=128m; support was removed in 8.0

-- 最后还是失败了
-- 版本匹配的问题
-- 还是按照默认的搞吧?


>> 再仔细分析:
>>好像是服务器没有安装snappy压缩算法工具包
-- hColumnDescriptor.setCompressionType(Compression.Algorithm.SNAPPY);
