@Test
testPut()

D:\tools\Java\jdk1.8.0_111\bin\java -ea -Didea.launcher.port=7532 "-Didea.launcher.bin.path=D:\Program Files (x86)\JetBrains\IntelliJ IDEA 2016.3.2\bin" -Dfile.encoding=UTF-8 -classpath "D:\Program Files (x86)\JetBrains\IntelliJ IDEA 2016.3.2\lib\idea_rt.jar;D:\Program Files (x86)\JetBrains\IntelliJ IDEA 2016.3.2\plugins\junit\lib\junit-rt.jar;D:\tools\Java\jdk1.8.0_111\jre\lib\charsets.jar;D:\tools\Java\jdk1.8.0_111\jre\lib\deploy.jar;D:\tools\Java\jdk1.8.0_111\jre\lib\ext\access-bridge-64.jar;D:\tools\Java\jdk1.8.0_111\jre\lib\ext\cldrdata.jar;D:\tools\Java\jdk1.8.0_111\jre\lib\ext\dnsns.jar;D:\tools\Java\jdk1.8.0_111\jre\lib\ext\jaccess.jar;D:\tools\Java\jdk1.8.0_111\jre\lib\ext\jfxrt.jar;D:\tools\Java\jdk1.8.0_111\jre\lib\ext\localedata.jar;D:\tools\Java\jdk1.8.0_111\jre\lib\ext\nashorn.jar;D:\tools\Java\jdk1.8.0_111\jre\lib\ext\sunec.jar;D:\tools\Java\jdk1.8.0_111\jre\lib\ext\sunjce_provider.jar;D:\tools\Java\jdk1.8.0_111\jre\lib\ext\sunmscapi.jar;D:\tools\Java\jdk1.8.0_111\jre\lib\ext\sunpkcs11.jar;D:\tools\Java\jdk1.8.0_111\jre\lib\ext\zipfs.jar;D:\tools\Java\jdk1.8.0_111\jre\lib\javaws.jar;D:\tools\Java\jdk1.8.0_111\jre\lib\jce.jar;D:\tools\Java\jdk1.8.0_111\jre\lib\jfr.jar;D:\tools\Java\jdk1.8.0_111\jre\lib\jfxswt.jar;D:\tools\Java\jdk1.8.0_111\jre\lib\jsse.jar;D:\tools\Java\jdk1.8.0_111\jre\lib\management-agent.jar;D:\tools\Java\jdk1.8.0_111\jre\lib\plugin.jar;D:\tools\Java\jdk1.8.0_111\jre\lib\resources.jar;D:\tools\Java\jdk1.8.0_111\jre\lib\rt.jar;E:\ws_ij_alvin\howj-alvin\target\test-classes;E:\ws_ij_alvin\howj-alvin\target\classes;E:\java\repository\junit\junit\4.12\junit-4.12.jar;E:\java\repository\org\hamcrest\hamcrest-core\1.3\hamcrest-core-1.3.jar;E:\java\repository\org\apache\hbase\hbase-client\1.2.4\hbase-client-1.2.4.jar;E:\java\repository\org\apache\hbase\hbase-annotations\1.2.4\hbase-annotations-1.2.4.jar;E:\java\repository\org\apache\hbase\hbase-protocol\1.2.4\hbase-protocol-1.2.4.jar;E:\java\repository\commons-codec\commons-codec\1.9\commons-codec-1.9.jar;E:\java\repository\commons-io\commons-io\2.4\commons-io-2.4.jar;E:\java\repository\commons-lang\commons-lang\2.6\commons-lang-2.6.jar;E:\java\repository\commons-logging\commons-logging\1.2\commons-logging-1.2.jar;E:\java\repository\com\google\guava\guava\12.0.1\guava-12.0.1.jar;E:\java\repository\com\google\protobuf\protobuf-java\2.5.0\protobuf-java-2.5.0.jar;E:\java\repository\io\netty\netty-all\4.0.23.Final\netty-all-4.0.23.Final.jar;E:\java\repository\org\apache\zookeeper\zookeeper\3.4.6\zookeeper-3.4.6.jar;E:\java\repository\org\slf4j\slf4j-api\1.6.1\slf4j-api-1.6.1.jar;E:\java\repository\org\slf4j\slf4j-log4j12\1.6.1\slf4j-log4j12-1.6.1.jar;E:\java\repository\org\apache\htrace\htrace-core\3.1.0-incubating\htrace-core-3.1.0-incubating.jar;E:\java\repository\org\codehaus\jackson\jackson-mapper-asl\1.9.13\jackson-mapper-asl-1.9.13.jar;E:\java\repository\org\jruby\jcodings\jcodings\1.0.8\jcodings-1.0.8.jar;E:\java\repository\org\jruby\joni\joni\2.1.2\joni-2.1.2.jar;E:\java\repository\com\yammer\metrics\metrics-core\2.2.0\metrics-core-2.2.0.jar;E:\java\repository\org\apache\hadoop\hadoop-auth\2.5.1\hadoop-auth-2.5.1.jar;E:\java\repository\org\apache\httpcomponents\httpclient\4.2.5\httpclient-4.2.5.jar;E:\java\repository\org\apache\httpcomponents\httpcore\4.2.4\httpcore-4.2.4.jar;E:\java\repository\org\apache\directory\server\apacheds-kerberos-codec\2.0.0-M15\apacheds-kerberos-codec-2.0.0-M15.jar;E:\java\repository\org\apache\directory\server\apacheds-i18n\2.0.0-M15\apacheds-i18n-2.0.0-M15.jar;E:\java\repository\org\apache\directory\api\api-asn1-api\1.0.0-M20\api-asn1-api-1.0.0-M20.jar;E:\java\repository\org\apache\directory\api\api-util\1.0.0-M20\api-util-1.0.0-M20.jar;E:\java\repository\org\apache\hadoop\hadoop-common\2.5.1\hadoop-common-2.5.1.jar;E:\java\repository\org\apache\hadoop\hadoop-annotations\2.5.1\hadoop-annotations-2.5.1.jar;D:\tools\Java\jdk1.8.0_111\lib\tools.jar;E:\java\repository\org\apache\commons\commons-math3\3.1.1\commons-math3-3.1.1.jar;E:\java\repository\xmlenc\xmlenc\0.52\xmlenc-0.52.jar;E:\java\repository\commons-net\commons-net\3.1\commons-net-3.1.jar;E:\java\repository\commons-el\commons-el\1.0\commons-el-1.0.jar;E:\java\repository\commons-configuration\commons-configuration\1.6\commons-configuration-1.6.jar;E:\java\repository\commons-digester\commons-digester\1.8\commons-digester-1.8.jar;E:\java\repository\commons-beanutils\commons-beanutils\1.7.0\commons-beanutils-1.7.0.jar;E:\java\repository\commons-beanutils\commons-beanutils-core\1.8.0\commons-beanutils-core-1.8.0.jar;E:\java\repository\org\apache\avro\avro\1.7.4\avro-1.7.4.jar;E:\java\repository\com\thoughtworks\paranamer\paranamer\2.3\paranamer-2.3.jar;E:\java\repository\org\xerial\snappy\snappy-java\1.0.4.1\snappy-java-1.0.4.1.jar;E:\java\repository\com\jcraft\jsch\0.1.42\jsch-0.1.42.jar;E:\java\repository\com\google\code\findbugs\jsr305\1.3.9\jsr305-1.3.9.jar;E:\java\repository\org\apache\commons\commons-compress\1.4.1\commons-compress-1.4.1.jar;E:\java\repository\org\tukaani\xz\1.0\xz-1.0.jar;E:\java\repository\org\apache\hadoop\hadoop-mapreduce-client-core\2.5.1\hadoop-mapreduce-client-core-2.5.1.jar;E:\java\repository\org\apache\hadoop\hadoop-yarn-common\2.5.1\hadoop-yarn-common-2.5.1.jar;E:\java\repository\javax\xml\bind\jaxb-api\2.2.2\jaxb-api-2.2.2.jar;E:\java\repository\javax\xml\stream\stax-api\1.0-2\stax-api-1.0-2.jar;E:\java\repository\javax\activation\activation\1.1\activation-1.1.jar;E:\java\repository\io\netty\netty\3.6.2.Final\netty-3.6.2.Final.jar;E:\java\repository\org\apache\hbase\hbase-common\1.2.4\hbase-common-1.2.4.jar;E:\java\repository\commons-collections\commons-collections\3.2.2\commons-collections-3.2.2.jar;E:\java\repository\org\mortbay\jetty\jetty-util\6.1.26\jetty-util-6.1.26.jar;E:\java\repository\com\github\stephenc\findbugs\findbugs-annotations\1.3.9-1\findbugs-annotations-1.3.9-1.jar;E:\java\repository\log4j\log4j\1.2.17\log4j-1.2.17.jar;E:\java\repository\org\apache\hbase\hbase-server\1.2.4\hbase-server-1.2.4.jar;E:\java\repository\org\apache\hbase\hbase-procedure\1.2.4\hbase-procedure-1.2.4.jar;E:\java\repository\org\apache\hbase\hbase-common\1.2.4\hbase-common-1.2.4-tests.jar;E:\java\repository\org\apache\hbase\hbase-prefix-tree\1.2.4\hbase-prefix-tree-1.2.4.jar;E:\java\repository\commons-httpclient\commons-httpclient\3.1\commons-httpclient-3.1.jar;E:\java\repository\org\apache\hbase\hbase-hadoop-compat\1.2.4\hbase-hadoop-compat-1.2.4.jar;E:\java\repository\org\apache\hbase\hbase-hadoop2-compat\1.2.4\hbase-hadoop2-compat-1.2.4.jar;E:\java\repository\com\sun\jersey\jersey-core\1.9\jersey-core-1.9.jar;E:\java\repository\com\sun\jersey\jersey-server\1.9\jersey-server-1.9.jar;E:\java\repository\asm\asm\3.1\asm-3.1.jar;E:\java\repository\commons-cli\commons-cli\1.2\commons-cli-1.2.jar;E:\java\repository\org\apache\commons\commons-math\2.2\commons-math-2.2.jar;E:\java\repository\org\mortbay\jetty\jetty\6.1.26\jetty-6.1.26.jar;E:\java\repository\org\mortbay\jetty\jetty-sslengine\6.1.26\jetty-sslengine-6.1.26.jar;E:\java\repository\org\mortbay\jetty\jsp-2.1\6.1.14\jsp-2.1-6.1.14.jar;E:\java\repository\org\mortbay\jetty\jsp-api-2.1\6.1.14\jsp-api-2.1-6.1.14.jar;E:\java\repository\org\mortbay\jetty\servlet-api-2.5\6.1.14\servlet-api-2.5-6.1.14.jar;E:\java\repository\org\codehaus\jackson\jackson-core-asl\1.9.13\jackson-core-asl-1.9.13.jar;E:\java\repository\org\codehaus\jackson\jackson-jaxrs\1.9.13\jackson-jaxrs-1.9.13.jar;E:\java\repository\tomcat\jasper-compiler\5.5.23\jasper-compiler-5.5.23.jar;E:\java\repository\tomcat\jasper-runtime\5.5.23\jasper-runtime-5.5.23.jar;E:\java\repository\org\jamon\jamon-runtime\2.4.1\jamon-runtime-2.4.1.jar;E:\java\repository\com\lmax\disruptor\3.3.0\disruptor-3.3.0.jar;E:\java\repository\org\apache\hadoop\hadoop-client\2.5.1\hadoop-client-2.5.1.jar;E:\java\repository\org\apache\hadoop\hadoop-mapreduce-client-app\2.5.1\hadoop-mapreduce-client-app-2.5.1.jar;E:\java\repository\org\apache\hadoop\hadoop-mapreduce-client-common\2.5.1\hadoop-mapreduce-client-common-2.5.1.jar;E:\java\repository\org\apache\hadoop\hadoop-yarn-client\2.5.1\hadoop-yarn-client-2.5.1.jar;E:\java\repository\com\sun\jersey\jersey-client\1.9\jersey-client-1.9.jar;E:\java\repository\org\apache\hadoop\hadoop-yarn-server-common\2.5.1\hadoop-yarn-server-common-2.5.1.jar;E:\java\repository\org\apache\hadoop\hadoop-mapreduce-client-shuffle\2.5.1\hadoop-mapreduce-client-shuffle-2.5.1.jar;E:\java\repository\org\fusesource\leveldbjni\leveldbjni-all\1.8\leveldbjni-all-1.8.jar;E:\java\repository\org\apache\hadoop\hadoop-yarn-api\2.5.1\hadoop-yarn-api-2.5.1.jar;E:\java\repository\org\apache\hadoop\hadoop-mapreduce-client-jobclient\2.5.1\hadoop-mapreduce-client-jobclient-2.5.1.jar;E:\java\repository\org\apache\hadoop\hadoop-hdfs\2.5.1\hadoop-hdfs-2.5.1.jar;E:\java\repository\commons-daemon\commons-daemon\1.0.13\commons-daemon-1.0.13.jar" com.intellij.rt.execution.application.AppMain com.intellij.rt.execution.junit.JUnitStarter -ideVersion5 com.gmail.mosoft521.howj.HBasePutTest,testPut
线程池初始化成功
2017-03-03 14:39:31  [ main:0 ] - [ INFO ]  Thread pool ,awaitTermination started, please wait till all the jobs complete.
2017-03-03 14:39:31  [ pool-1-thread-1:62 ] - [ DEBUG ]   Creating new Groups object
2017-03-03 14:39:31  [ pool-1-thread-1:156 ] - [ DEBUG ]  Trying to load the custom-built native-hadoop library...
2017-03-03 14:39:31  [ pool-1-thread-1:172 ] - [ DEBUG ]  Loaded the native-hadoop library
2017-03-03 14:39:31  [ pool-1-thread-1:172 ] - [ DEBUG ]  Using JniBasedUnixGroupsMapping for Group resolution
2017-03-03 14:39:31  [ pool-1-thread-1:172 ] - [ DEBUG ]  Group mapping impl=org.apache.hadoop.security.JniBasedUnixGroupsMapping
2017-03-03 14:39:31  [ pool-1-thread-1:328 ] - [ DEBUG ]  Group mapping impl=org.apache.hadoop.security.JniBasedUnixGroupsMappingWithFallback; cacheTimeout=300000; warningDeltaMs=5000
2017-03-03 14:39:31  [ pool-1-thread-1:421 ] - [ DEBUG ]  field org.apache.hadoop.metrics2.lib.MutableRate org.apache.hadoop.security.UserGroupInformation$UgiMetrics.loginSuccess with annotation @org.apache.hadoop.metrics2.annotation.Metric(always=false, sampleName=Ops, about=, type=DEFAULT, value=[Rate of successful kerberos logins and latency (milliseconds)], valueName=Time)
2017-03-03 14:39:31  [ pool-1-thread-1:452 ] - [ DEBUG ]  field org.apache.hadoop.metrics2.lib.MutableRate org.apache.hadoop.security.UserGroupInformation$UgiMetrics.loginFailure with annotation @org.apache.hadoop.metrics2.annotation.Metric(always=false, sampleName=Ops, about=, type=DEFAULT, value=[Rate of failed kerberos logins and latency (milliseconds)], valueName=Time)
2017-03-03 14:39:31  [ pool-1-thread-1:452 ] - [ DEBUG ]  field org.apache.hadoop.metrics2.lib.MutableRate org.apache.hadoop.security.UserGroupInformation$UgiMetrics.getGroups with annotation @org.apache.hadoop.metrics2.annotation.Metric(always=false, sampleName=Ops, about=, type=DEFAULT, value=[GetGroups], valueName=Time)
2017-03-03 14:39:31  [ pool-1-thread-1:452 ] - [ DEBUG ]  UgiMetrics, User and group related metrics
2017-03-03 14:39:31  [ pool-1-thread-1:593 ] - [ DEBUG ]  Kerberos krb5 configuration not found, setting default realm to empty
2017-03-03 14:39:32  [ pool-1-thread-1:640 ] - [ DEBUG ]  hadoop login
2017-03-03 14:39:32  [ pool-1-thread-1:640 ] - [ DEBUG ]  hadoop login commit
2017-03-03 14:39:32  [ pool-1-thread-1:673 ] - [ DEBUG ]  using local user:NTUserPrincipal: root
2017-03-03 14:39:32  [ pool-1-thread-1:673 ] - [ DEBUG ]  UGI loginUser:root (auth:SIMPLE)
2017-03-03 14:39:32  [ pool-1-thread-1:969 ] - [ INFO ]  Process identifier=hconnection-0x5c3f88e6 connecting to ZooKeeper ensemble=zkHost:2181
2017-03-03 14:39:32  [ pool-1-thread-1:1000 ] - [ INFO ]  Client environment:zookeeper.version=3.4.6-1569965, built on 02/20/2014 09:09 GMT
2017-03-03 14:39:32  [ pool-1-thread-1:1000 ] - [ INFO ]  Client environment:host.name=Alvin-PC
2017-03-03 14:39:32  [ pool-1-thread-1:1000 ] - [ INFO ]  Client environment:java.version=1.8.0_111
2017-03-03 14:39:32  [ pool-1-thread-1:1000 ] - [ INFO ]  Client environment:java.vendor=Oracle Corporation
2017-03-03 14:39:32  [ pool-1-thread-1:1000 ] - [ INFO ]  Client environment:java.home=D:\tools\Java\jdk1.8.0_111\jre
2017-03-03 14:39:32  [ pool-1-thread-1:1000 ] - [ INFO ]  Client environment:java.class.path=D:\Program Files (x86)\JetBrains\IntelliJ IDEA 2016.3.2\lib\idea_rt.jar;D:\Program Files (x86)\JetBrains\IntelliJ IDEA 2016.3.2\plugins\junit\lib\junit-rt.jar;D:\tools\Java\jdk1.8.0_111\jre\lib\charsets.jar;D:\tools\Java\jdk1.8.0_111\jre\lib\deploy.jar;D:\tools\Java\jdk1.8.0_111\jre\lib\ext\access-bridge-64.jar;D:\tools\Java\jdk1.8.0_111\jre\lib\ext\cldrdata.jar;D:\tools\Java\jdk1.8.0_111\jre\lib\ext\dnsns.jar;D:\tools\Java\jdk1.8.0_111\jre\lib\ext\jaccess.jar;D:\tools\Java\jdk1.8.0_111\jre\lib\ext\jfxrt.jar;D:\tools\Java\jdk1.8.0_111\jre\lib\ext\localedata.jar;D:\tools\Java\jdk1.8.0_111\jre\lib\ext\nashorn.jar;D:\tools\Java\jdk1.8.0_111\jre\lib\ext\sunec.jar;D:\tools\Java\jdk1.8.0_111\jre\lib\ext\sunjce_provider.jar;D:\tools\Java\jdk1.8.0_111\jre\lib\ext\sunmscapi.jar;D:\tools\Java\jdk1.8.0_111\jre\lib\ext\sunpkcs11.jar;D:\tools\Java\jdk1.8.0_111\jre\lib\ext\zipfs.jar;D:\tools\Java\jdk1.8.0_111\jre\lib\javaws.jar;D:\tools\Java\jdk1.8.0_111\jre\lib\jce.jar;D:\tools\Java\jdk1.8.0_111\jre\lib\jfr.jar;D:\tools\Java\jdk1.8.0_111\jre\lib\jfxswt.jar;D:\tools\Java\jdk1.8.0_111\jre\lib\jsse.jar;D:\tools\Java\jdk1.8.0_111\jre\lib\management-agent.jar;D:\tools\Java\jdk1.8.0_111\jre\lib\plugin.jar;D:\tools\Java\jdk1.8.0_111\jre\lib\resources.jar;D:\tools\Java\jdk1.8.0_111\jre\lib\rt.jar;E:\ws_ij_alvin\howj-alvin\target\test-classes;E:\ws_ij_alvin\howj-alvin\target\classes;E:\java\repository\junit\junit\4.12\junit-4.12.jar;E:\java\repository\org\hamcrest\hamcrest-core\1.3\hamcrest-core-1.3.jar;E:\java\repository\org\apache\hbase\hbase-client\1.2.4\hbase-client-1.2.4.jar;E:\java\repository\org\apache\hbase\hbase-annotations\1.2.4\hbase-annotations-1.2.4.jar;E:\java\repository\org\apache\hbase\hbase-protocol\1.2.4\hbase-protocol-1.2.4.jar;E:\java\repository\commons-codec\commons-codec\1.9\commons-codec-1.9.jar;E:\java\repository\commons-io\commons-io\2.4\commons-io-2.4.jar;E:\java\repository\commons-lang\commons-lang\2.6\commons-lang-2.6.jar;E:\java\repository\commons-logging\commons-logging\1.2\commons-logging-1.2.jar;E:\java\repository\com\google\guava\guava\12.0.1\guava-12.0.1.jar;E:\java\repository\com\google\protobuf\protobuf-java\2.5.0\protobuf-java-2.5.0.jar;E:\java\repository\io\netty\netty-all\4.0.23.Final\netty-all-4.0.23.Final.jar;E:\java\repository\org\apache\zookeeper\zookeeper\3.4.6\zookeeper-3.4.6.jar;E:\java\repository\org\slf4j\slf4j-api\1.6.1\slf4j-api-1.6.1.jar;E:\java\repository\org\slf4j\slf4j-log4j12\1.6.1\slf4j-log4j12-1.6.1.jar;E:\java\repository\org\apache\htrace\htrace-core\3.1.0-incubating\htrace-core-3.1.0-incubating.jar;E:\java\repository\org\codehaus\jackson\jackson-mapper-asl\1.9.13\jackson-mapper-asl-1.9.13.jar;E:\java\repository\org\jruby\jcodings\jcodings\1.0.8\jcodings-1.0.8.jar;E:\java\repository\org\jruby\joni\joni\2.1.2\joni-2.1.2.jar;E:\java\repository\com\yammer\metrics\metrics-core\2.2.0\metrics-core-2.2.0.jar;E:\java\repository\org\apache\hadoop\hadoop-auth\2.5.1\hadoop-auth-2.5.1.jar;E:\java\repository\org\apache\httpcomponents\httpclient\4.2.5\httpclient-4.2.5.jar;E:\java\repository\org\apache\httpcomponents\httpcore\4.2.4\httpcore-4.2.4.jar;E:\java\repository\org\apache\directory\server\apacheds-kerberos-codec\2.0.0-M15\apacheds-kerberos-codec-2.0.0-M15.jar;E:\java\repository\org\apache\directory\server\apacheds-i18n\2.0.0-M15\apacheds-i18n-2.0.0-M15.jar;E:\java\repository\org\apache\directory\api\api-asn1-api\1.0.0-M20\api-asn1-api-1.0.0-M20.jar;E:\java\repository\org\apache\directory\api\api-util\1.0.0-M20\api-util-1.0.0-M20.jar;E:\java\repository\org\apache\hadoop\hadoop-common\2.5.1\hadoop-common-2.5.1.jar;E:\java\repository\org\apache\hadoop\hadoop-annotations\2.5.1\hadoop-annotations-2.5.1.jar;D:\tools\Java\jdk1.8.0_111\lib\tools.jar;E:\java\repository\org\apache\commons\commons-math3\3.1.1\commons-math3-3.1.1.jar;E:\java\repository\xmlenc\xmlenc\0.52\xmlenc-0.52.jar;E:\java\repository\commons-net\commons-net\3.1\commons-net-3.1.jar;E:\java\repository\commons-el\commons-el\1.0\commons-el-1.0.jar;E:\java\repository\commons-configuration\commons-configuration\1.6\commons-configuration-1.6.jar;E:\java\repository\commons-digester\commons-digester\1.8\commons-digester-1.8.jar;E:\java\repository\commons-beanutils\commons-beanutils\1.7.0\commons-beanutils-1.7.0.jar;E:\java\repository\commons-beanutils\commons-beanutils-core\1.8.0\commons-beanutils-core-1.8.0.jar;E:\java\repository\org\apache\avro\avro\1.7.4\avro-1.7.4.jar;E:\java\repository\com\thoughtworks\paranamer\paranamer\2.3\paranamer-2.3.jar;E:\java\repository\org\xerial\snappy\snappy-java\1.0.4.1\snappy-java-1.0.4.1.jar;E:\java\repository\com\jcraft\jsch\0.1.42\jsch-0.1.42.jar;E:\java\repository\com\google\code\findbugs\jsr305\1.3.9\jsr305-1.3.9.jar;E:\java\repository\org\apache\commons\commons-compress\1.4.1\commons-compress-1.4.1.jar;E:\java\repository\org\tukaani\xz\1.0\xz-1.0.jar;E:\java\repository\org\apache\hadoop\hadoop-mapreduce-client-core\2.5.1\hadoop-mapreduce-client-core-2.5.1.jar;E:\java\repository\org\apache\hadoop\hadoop-yarn-common\2.5.1\hadoop-yarn-common-2.5.1.jar;E:\java\repository\javax\xml\bind\jaxb-api\2.2.2\jaxb-api-2.2.2.jar;E:\java\repository\javax\xml\stream\stax-api\1.0-2\stax-api-1.0-2.jar;E:\java\repository\javax\activation\activation\1.1\activation-1.1.jar;E:\java\repository\io\netty\netty\3.6.2.Final\netty-3.6.2.Final.jar;E:\java\repository\org\apache\hbase\hbase-common\1.2.4\hbase-common-1.2.4.jar;E:\java\repository\commons-collections\commons-collections\3.2.2\commons-collections-3.2.2.jar;E:\java\repository\org\mortbay\jetty\jetty-util\6.1.26\jetty-util-6.1.26.jar;E:\java\repository\com\github\stephenc\findbugs\findbugs-annotations\1.3.9-1\findbugs-annotations-1.3.9-1.jar;E:\java\repository\log4j\log4j\1.2.17\log4j-1.2.17.jar;E:\java\repository\org\apache\hbase\hbase-server\1.2.4\hbase-server-1.2.4.jar;E:\java\repository\org\apache\hbase\hbase-procedure\1.2.4\hbase-procedure-1.2.4.jar;E:\java\repository\org\apache\hbase\hbase-common\1.2.4\hbase-common-1.2.4-tests.jar;E:\java\repository\org\apache\hbase\hbase-prefix-tree\1.2.4\hbase-prefix-tree-1.2.4.jar;E:\java\repository\commons-httpclient\commons-httpclient\3.1\commons-httpclient-3.1.jar;E:\java\repository\org\apache\hbase\hbase-hadoop-compat\1.2.4\hbase-hadoop-compat-1.2.4.jar;E:\java\repository\org\apache\hbase\hbase-hadoop2-compat\1.2.4\hbase-hadoop2-compat-1.2.4.jar;E:\java\repository\com\sun\jersey\jersey-core\1.9\jersey-core-1.9.jar;E:\java\repository\com\sun\jersey\jersey-server\1.9\jersey-server-1.9.jar;E:\java\repository\asm\asm\3.1\asm-3.1.jar;E:\java\repository\commons-cli\commons-cli\1.2\commons-cli-1.2.jar;E:\java\repository\org\apache\commons\commons-math\2.2\commons-math-2.2.jar;E:\java\repository\org\mortbay\jetty\jetty\6.1.26\jetty-6.1.26.jar;E:\java\repository\org\mortbay\jetty\jetty-sslengine\6.1.26\jetty-sslengine-6.1.26.jar;E:\java\repository\org\mortbay\jetty\jsp-2.1\6.1.14\jsp-2.1-6.1.14.jar;E:\java\repository\org\mortbay\jetty\jsp-api-2.1\6.1.14\jsp-api-2.1-6.1.14.jar;E:\java\repository\org\mortbay\jetty\servlet-api-2.5\6.1.14\servlet-api-2.5-6.1.14.jar;E:\java\repository\org\codehaus\jackson\jackson-core-asl\1.9.13\jackson-core-asl-1.9.13.jar;E:\java\repository\org\codehaus\jackson\jackson-jaxrs\1.9.13\jackson-jaxrs-1.9.13.jar;E:\java\repository\tomcat\jasper-compiler\5.5.23\jasper-compiler-5.5.23.jar;E:\java\repository\tomcat\jasper-runtime\5.5.23\jasper-runtime-5.5.23.jar;E:\java\repository\org\jamon\jamon-runtime\2.4.1\jamon-runtime-2.4.1.jar;E:\java\repository\com\lmax\disruptor\3.3.0\disruptor-3.3.0.jar;E:\java\repository\org\apache\hadoop\hadoop-client\2.5.1\hadoop-client-2.5.1.jar;E:\java\repository\org\apache\hadoop\hadoop-mapreduce-client-app\2.5.1\hadoop-mapreduce-client-app-2.5.1.jar;E:\java\repository\org\apache\hadoop\hadoop-mapreduce-client-common\2.5.1\hadoop-mapreduce-client-common-2.5.1.jar;E:\java\repository\org\apache\hadoop\hadoop-yarn-client\2.5.1\hadoop-yarn-client-2.5.1.jar;E:\java\repository\com\sun\jersey\jersey-client\1.9\jersey-client-1.9.jar;E:\java\repository\org\apache\hadoop\hadoop-yarn-server-common\2.5.1\hadoop-yarn-server-common-2.5.1.jar;E:\java\repository\org\apache\hadoop\hadoop-mapreduce-client-shuffle\2.5.1\hadoop-mapreduce-client-shuffle-2.5.1.jar;E:\java\repository\org\fusesource\leveldbjni\leveldbjni-all\1.8\leveldbjni-all-1.8.jar;E:\java\repository\org\apache\hadoop\hadoop-yarn-api\2.5.1\hadoop-yarn-api-2.5.1.jar;E:\java\repository\org\apache\hadoop\hadoop-mapreduce-client-jobclient\2.5.1\hadoop-mapreduce-client-jobclient-2.5.1.jar;E:\java\repository\org\apache\hadoop\hadoop-hdfs\2.5.1\hadoop-hdfs-2.5.1.jar;E:\java\repository\commons-daemon\commons-daemon\1.0.13\commons-daemon-1.0.13.jar
2017-03-03 14:39:32  [ pool-1-thread-1:1016 ] - [ INFO ]  Client environment:java.library.path=D:\tools\Java\jdk1.8.0_111\bin;C:\Windows\Sun\Java\bin;C:\Windows\system32;C:\Windows;D:\tools\Python36\Scripts\;D:\tools\Python36\;D:\tools\maven\apache-maven-3.3.9\bin;D:\tools\Java\jdk1.8.0_111\bin;D:\tools\Java\jdk1.8.0_111\jre\bin;C:\ProgramData\Oracle\Java\javapath;C:\Windows\system32;C:\Windows;C:\Windows\System32\Wbem;C:\Windows\System32\WindowsPowerShell\v1.0\;D:\Program Files\TortoiseSVN\bin;D:\tools\tomcat\apache-tomcat-8.5.9\lib;D:\tools\tomcat\apache-tomcat-8.5.9\bin;D:\tools\hadoop-2.7.3\bin;.
2017-03-03 14:39:32  [ pool-1-thread-1:1016 ] - [ INFO ]  Client environment:java.io.tmpdir=C:\Users\Alvin\AppData\Local\Temp\
2017-03-03 14:39:32  [ pool-1-thread-1:1016 ] - [ INFO ]  Client environment:java.compiler=<NA>
2017-03-03 14:39:32  [ pool-1-thread-1:1016 ] - [ INFO ]  Client environment:os.name=Windows 7
2017-03-03 14:39:32  [ pool-1-thread-1:1016 ] - [ INFO ]  Client environment:os.arch=amd64
2017-03-03 14:39:32  [ pool-1-thread-1:1016 ] - [ INFO ]  Client environment:os.version=6.1
2017-03-03 14:39:32  [ pool-1-thread-1:1016 ] - [ INFO ]  Client environment:user.name=root
2017-03-03 14:39:32  [ pool-1-thread-1:1016 ] - [ INFO ]  Client environment:user.home=C:\Users\Alvin
2017-03-03 14:39:32  [ pool-1-thread-1:1016 ] - [ INFO ]  Client environment:user.dir=E:\ws_ij_alvin\howj-alvin
2017-03-03 14:39:32  [ pool-1-thread-1:1016 ] - [ INFO ]  Initiating client connection, connectString=zkHost:2181 sessionTimeout=90000 watcher=hconnection-0x5c3f88e60x0, quorum=zkHost:2181, baseZNode=/hbase
2017-03-03 14:39:34  [ pool-1-thread-1:3609 ] - [ WARN ]  Unable to create ZooKeeper Connection
java.net.UnknownHostException: zkHost
	at java.net.Inet6AddressImpl.lookupAllHostAddr(Native Method)
	at java.net.InetAddress$2.lookupAllHostAddr(InetAddress.java:928)
	at java.net.InetAddress.getAddressesFromNameService(InetAddress.java:1323)
	at java.net.InetAddress.getAllByName0(InetAddress.java:1276)
	at java.net.InetAddress.getAllByName(InetAddress.java:1192)
	at java.net.InetAddress.getAllByName(InetAddress.java:1126)
	at org.apache.zookeeper.client.StaticHostProvider.<init>(StaticHostProvider.java:61)
	at org.apache.zookeeper.ZooKeeper.<init>(ZooKeeper.java:445)
	at org.apache.zookeeper.ZooKeeper.<init>(ZooKeeper.java:380)
	at org.apache.hadoop.hbase.zookeeper.RecoverableZooKeeper.checkZk(RecoverableZooKeeper.java:141)
	at org.apache.hadoop.hbase.zookeeper.RecoverableZooKeeper.<init>(RecoverableZooKeeper.java:128)
	at org.apache.hadoop.hbase.zookeeper.ZKUtil.connect(ZKUtil.java:137)
	at org.apache.hadoop.hbase.zookeeper.ZooKeeperWatcher.<init>(ZooKeeperWatcher.java:185)
	at org.apache.hadoop.hbase.zookeeper.ZooKeeperWatcher.<init>(ZooKeeperWatcher.java:153)
	at org.apache.hadoop.hbase.client.ZooKeeperKeepAliveConnection.<init>(ZooKeeperKeepAliveConnection.java:43)
	at org.apache.hadoop.hbase.client.ConnectionManager$HConnectionImplementation.getKeepAliveZooKeeperWatcher(ConnectionManager.java:1690)
	at org.apache.hadoop.hbase.client.ZooKeeperRegistry.getClusterId(ZooKeeperRegistry.java:104)
	at org.apache.hadoop.hbase.client.ConnectionManager$HConnectionImplementation.retrieveClusterId(ConnectionManager.java:905)
	at org.apache.hadoop.hbase.client.ConnectionManager$HConnectionImplementation.<init>(ConnectionManager.java:648)
	at sun.reflect.NativeConstructorAccessorImpl.newInstance0(Native Method)
	at sun.reflect.NativeConstructorAccessorImpl.newInstance(NativeConstructorAccessorImpl.java:62)
	at sun.reflect.DelegatingConstructorAccessorImpl.newInstance(DelegatingConstructorAccessorImpl.java:45)
	at java.lang.reflect.Constructor.newInstance(Constructor.java:423)
	at org.apache.hadoop.hbase.client.ConnectionFactory.createConnection(ConnectionFactory.java:238)
	at org.apache.hadoop.hbase.client.ConnectionFactory.createConnection(ConnectionFactory.java:218)
	at org.apache.hadoop.hbase.client.ConnectionFactory.createConnection(ConnectionFactory.java:119)
	at com.gmail.mosoft521.howj.util.HBaseUtil.getConnection(HBaseUtil.java:86)
	at com.gmail.mosoft521.howj.util.HBaseUtil.put(HBaseUtil.java:458)
	at com.gmail.mosoft521.howj.HBaseServiceImpl$1.run(HBaseServiceImpl.java:43)
	at java.util.concurrent.ThreadPoolExecutor.runWorker(ThreadPoolExecutor.java:1142)
	at java.util.concurrent.ThreadPoolExecutor$Worker.run(ThreadPoolExecutor.java:617)
	at java.lang.Thread.run(Thread.java:745)
2017-03-03 14:39:35  [ pool-1-thread-1:3640 ] - [ INFO ]  Initiating client connection, connectString=zkHost:2181 sessionTimeout=90000 watcher=hconnection-0x5c3f88e60x0, quorum=zkHost:2181, baseZNode=/hbase
2017-03-03 14:39:35  [ pool-1-thread-1:3640 ] - [ WARN ]  Unable to create ZooKeeper Connection
java.net.UnknownHostException: zkHost
	at java.net.InetAddress.getAllByName0(InetAddress.java:1280)
	at java.net.InetAddress.getAllByName(InetAddress.java:1192)
	at java.net.InetAddress.getAllByName(InetAddress.java:1126)
	at org.apache.zookeeper.client.StaticHostProvider.<init>(StaticHostProvider.java:61)
	at org.apache.zookeeper.ZooKeeper.<init>(ZooKeeper.java:445)
	at org.apache.zookeeper.ZooKeeper.<init>(ZooKeeper.java:380)
	at org.apache.hadoop.hbase.zookeeper.RecoverableZooKeeper.checkZk(RecoverableZooKeeper.java:141)
	at org.apache.hadoop.hbase.zookeeper.RecoverableZooKeeper.exists(RecoverableZooKeeper.java:220)
	at org.apache.hadoop.hbase.zookeeper.ZKUtil.checkExists(ZKUtil.java:419)
	at org.apache.hadoop.hbase.zookeeper.ZKClusterId.readClusterIdZNode(ZKClusterId.java:65)
	at org.apache.hadoop.hbase.client.ZooKeeperRegistry.getClusterId(ZooKeeperRegistry.java:105)
	at org.apache.hadoop.hbase.client.ConnectionManager$HConnectionImplementation.retrieveClusterId(ConnectionManager.java:905)
	at org.apache.hadoop.hbase.client.ConnectionManager$HConnectionImplementation.<init>(ConnectionManager.java:648)
	at sun.reflect.NativeConstructorAccessorImpl.newInstance0(Native Method)
	at sun.reflect.NativeConstructorAccessorImpl.newInstance(NativeConstructorAccessorImpl.java:62)
	at sun.reflect.DelegatingConstructorAccessorImpl.newInstance(DelegatingConstructorAccessorImpl.java:45)
	at java.lang.reflect.Constructor.newInstance(Constructor.java:423)
	at org.apache.hadoop.hbase.client.ConnectionFactory.createConnection(ConnectionFactory.java:238)
	at org.apache.hadoop.hbase.client.ConnectionFactory.createConnection(ConnectionFactory.java:218)
	at org.apache.hadoop.hbase.client.ConnectionFactory.createConnection(ConnectionFactory.java:119)
	at com.gmail.mosoft521.howj.util.HBaseUtil.getConnection(HBaseUtil.java:86)
	at com.gmail.mosoft521.howj.util.HBaseUtil.put(HBaseUtil.java:458)
	at com.gmail.mosoft521.howj.HBaseServiceImpl$1.run(HBaseServiceImpl.java:43)
	at java.util.concurrent.ThreadPoolExecutor.runWorker(ThreadPoolExecutor.java:1142)
	at java.util.concurrent.ThreadPoolExecutor$Worker.run(ThreadPoolExecutor.java:617)
	at java.lang.Thread.run(Thread.java:745)
2017-03-03 14:39:35  [ pool-1-thread-1:3640 ] - [ DEBUG ]  Possibly transient ZooKeeper, quorum=zkHost:2181, exception=org.apache.zookeeper.KeeperException$OperationTimeoutException: KeeperErrorCode = OperationTimeout
2017-03-03 14:39:36  [ pool-1-thread-1:4642 ] - [ INFO ]  Initiating client connection, connectString=zkHost:2181 sessionTimeout=90000 watcher=hconnection-0x5c3f88e60x0, quorum=zkHost:2181, baseZNode=/hbase
2017-03-03 14:39:36  [ pool-1-thread-1:4642 ] - [ WARN ]  Unable to create ZooKeeper Connection
java.net.UnknownHostException: zkHost
	at java.net.InetAddress.getAllByName0(InetAddress.java:1280)
	at java.net.InetAddress.getAllByName(InetAddress.java:1192)
	at java.net.InetAddress.getAllByName(InetAddress.java:1126)
	at org.apache.zookeeper.client.StaticHostProvider.<init>(StaticHostProvider.java:61)
	at org.apache.zookeeper.ZooKeeper.<init>(ZooKeeper.java:445)
	at org.apache.zookeeper.ZooKeeper.<init>(ZooKeeper.java:380)
	at org.apache.hadoop.hbase.zookeeper.RecoverableZooKeeper.checkZk(RecoverableZooKeeper.java:141)
	at org.apache.hadoop.hbase.zookeeper.RecoverableZooKeeper.exists(RecoverableZooKeeper.java:220)
	at org.apache.hadoop.hbase.zookeeper.ZKUtil.checkExists(ZKUtil.java:419)
	at org.apache.hadoop.hbase.zookeeper.ZKClusterId.readClusterIdZNode(ZKClusterId.java:65)
	at org.apache.hadoop.hbase.client.ZooKeeperRegistry.getClusterId(ZooKeeperRegistry.java:105)
	at org.apache.hadoop.hbase.client.ConnectionManager$HConnectionImplementation.retrieveClusterId(ConnectionManager.java:905)
	at org.apache.hadoop.hbase.client.ConnectionManager$HConnectionImplementation.<init>(ConnectionManager.java:648)
	at sun.reflect.NativeConstructorAccessorImpl.newInstance0(Native Method)
	at sun.reflect.NativeConstructorAccessorImpl.newInstance(NativeConstructorAccessorImpl.java:62)
	at sun.reflect.DelegatingConstructorAccessorImpl.newInstance(DelegatingConstructorAccessorImpl.java:45)
	at java.lang.reflect.Constructor.newInstance(Constructor.java:423)
	at org.apache.hadoop.hbase.client.ConnectionFactory.createConnection(ConnectionFactory.java:238)
	at org.apache.hadoop.hbase.client.ConnectionFactory.createConnection(ConnectionFactory.java:218)
	at org.apache.hadoop.hbase.client.ConnectionFactory.createConnection(ConnectionFactory.java:119)
	at com.gmail.mosoft521.howj.util.HBaseUtil.getConnection(HBaseUtil.java:86)
	at com.gmail.mosoft521.howj.util.HBaseUtil.put(HBaseUtil.java:458)
	at com.gmail.mosoft521.howj.HBaseServiceImpl$1.run(HBaseServiceImpl.java:43)
	at java.util.concurrent.ThreadPoolExecutor.runWorker(ThreadPoolExecutor.java:1142)
	at java.util.concurrent.ThreadPoolExecutor$Worker.run(ThreadPoolExecutor.java:617)
	at java.lang.Thread.run(Thread.java:745)
2017-03-03 14:39:36  [ pool-1-thread-1:4642 ] - [ DEBUG ]  Possibly transient ZooKeeper, quorum=zkHost:2181, exception=org.apache.zookeeper.KeeperException$OperationTimeoutException: KeeperErrorCode = OperationTimeout
2017-03-03 14:39:38  [ pool-1-thread-1:6642 ] - [ INFO ]  Initiating client connection, connectString=zkHost:2181 sessionTimeout=90000 watcher=hconnection-0x5c3f88e60x0, quorum=zkHost:2181, baseZNode=/hbase
2017-03-03 14:39:38  [ pool-1-thread-1:6642 ] - [ WARN ]  Unable to create ZooKeeper Connection
java.net.UnknownHostException: zkHost
	at java.net.InetAddress.getAllByName0(InetAddress.java:1280)
	at java.net.InetAddress.getAllByName(InetAddress.java:1192)
	at java.net.InetAddress.getAllByName(InetAddress.java:1126)
	at org.apache.zookeeper.client.StaticHostProvider.<init>(StaticHostProvider.java:61)
	at org.apache.zookeeper.ZooKeeper.<init>(ZooKeeper.java:445)
	at org.apache.zookeeper.ZooKeeper.<init>(ZooKeeper.java:380)
	at org.apache.hadoop.hbase.zookeeper.RecoverableZooKeeper.checkZk(RecoverableZooKeeper.java:141)
	at org.apache.hadoop.hbase.zookeeper.RecoverableZooKeeper.exists(RecoverableZooKeeper.java:220)
	at org.apache.hadoop.hbase.zookeeper.ZKUtil.checkExists(ZKUtil.java:419)
	at org.apache.hadoop.hbase.zookeeper.ZKClusterId.readClusterIdZNode(ZKClusterId.java:65)
	at org.apache.hadoop.hbase.client.ZooKeeperRegistry.getClusterId(ZooKeeperRegistry.java:105)
	at org.apache.hadoop.hbase.client.ConnectionManager$HConnectionImplementation.retrieveClusterId(ConnectionManager.java:905)
	at org.apache.hadoop.hbase.client.ConnectionManager$HConnectionImplementation.<init>(ConnectionManager.java:648)
	at sun.reflect.NativeConstructorAccessorImpl.newInstance0(Native Method)
	at sun.reflect.NativeConstructorAccessorImpl.newInstance(NativeConstructorAccessorImpl.java:62)
	at sun.reflect.DelegatingConstructorAccessorImpl.newInstance(DelegatingConstructorAccessorImpl.java:45)
	at java.lang.reflect.Constructor.newInstance(Constructor.java:423)
	at org.apache.hadoop.hbase.client.ConnectionFactory.createConnection(ConnectionFactory.java:238)
	at org.apache.hadoop.hbase.client.ConnectionFactory.createConnection(ConnectionFactory.java:218)
	at org.apache.hadoop.hbase.client.ConnectionFactory.createConnection(ConnectionFactory.java:119)
	at com.gmail.mosoft521.howj.util.HBaseUtil.getConnection(HBaseUtil.java:86)
	at com.gmail.mosoft521.howj.util.HBaseUtil.put(HBaseUtil.java:458)
	at com.gmail.mosoft521.howj.HBaseServiceImpl$1.run(HBaseServiceImpl.java:43)
	at java.util.concurrent.ThreadPoolExecutor.runWorker(ThreadPoolExecutor.java:1142)
	at java.util.concurrent.ThreadPoolExecutor$Worker.run(ThreadPoolExecutor.java:617)
	at java.lang.Thread.run(Thread.java:745)
2017-03-03 14:39:38  [ pool-1-thread-1:6642 ] - [ DEBUG ]  Possibly transient ZooKeeper, quorum=zkHost:2181, exception=org.apache.zookeeper.KeeperException$OperationTimeoutException: KeeperErrorCode = OperationTimeout

Process finished with exit code 0


修改:HBasePutTest.java
//        HBaseUtil.init("zkHost");
        HBaseUtil.init("slaver1:2181,slaver2:2181");